<?xml version="1.0" encoding="UTF-8"?>
<!-- Generated by org.testng.reporters.JUnitReportReporter -->
<testsuite skipped="0" hostname="MacBook-Pro-de-Wendy.local" name="test.GuruTest" tests="1" failures="0" timestamp="2020-06-20T19:49:00 PET" time="5.047" errors="0">
  <testcase name="guruTest" time="5.047" classname="test.GuruTest"/>
  <system-out/>
</testsuite> <!-- test.GuruTest -->
