<?xml version="1.0" encoding="UTF-8"?>
<!-- Generated by org.testng.reporters.JUnitReportReporter -->
<testsuite skipped="0" hostname="MacBook-Pro-de-Wendy.local" name="test.ShopTest" tests="1" failures="0" timestamp="2020-06-29T00:19:14 PET" time="44.261" errors="0">
  <testcase name="shopCartTest" time="44.261" classname="test.ShopTest"/>
  <system-out/>
</testsuite> <!-- test.ShopTest -->
