<?xml version="1.0" encoding="UTF-8"?>
<!-- Generated by org.testng.reporters.JUnitReportReporter -->
<testsuite skipped="0" hostname="MacBook-Pro-de-Wendy.local" name="test.LoginTest" tests="1" failures="0" timestamp="2020-06-07T19:38:08 PET" time="0.809" errors="0">
  <testcase name="loginTest" time="0.809" classname="test.LoginTest"/>
  <system-out/>
</testsuite> <!-- test.LoginTest -->
